{
  "RSpec": {
    "coverage": {
      "/Users/ruiined/Documents/Projects/bookmark-manager/app.rb": {
        "lines": [
          null,
          null,
          1,
          1,
          1,
          null,
          null,
          1,
          1,
          null,
          0,
          null,
          null,
          null,
          1,
          4,
          4,
          null,
          null,
          1,
          2,
          null,
          null,
          1,
          1,
          1,
          null,
          null,
          1,
          null
        ]
      },
      "/Users/ruiined/Documents/Projects/bookmark-manager/lib/bookmarks.rb": {
        "lines": [
          null,
          null,
          1,
          null,
          null,
          1,
          1,
          1,
          6,
          6,
          6,
          null,
          null,
          1,
          3,
          3,
          null,
          null,
          1,
          null,
          1,
          6,
          3,
          null,
          null,
          null,
          1,
          9,
          null,
          null,
          1,
          9,
          null,
          null,
          1,
          9,
          null,
          null,
          null
        ]
      },
      "/Users/ruiined/Documents/Projects/bookmark-manager/spec/database_helper.rb": {
        "lines": [
          null,
          null,
          1,
          null,
          1,
          5,
          null
        ]
      },
      "/Users/ruiined/Documents/Projects/bookmark-manager/spec/bookmarks_spec.rb": {
        "lines": [
          null,
          null,
          1,
          null,
          1,
          2,
          null,
          1,
          1,
          1,
          null,
          null,
          1,
          1,
          1,
          1,
          null,
          null,
          null
        ]
      },
      "/Users/ruiined/Documents/Projects/bookmark-manager/spec/features/feature_test_spec.rb": {
        "lines": [
          null,
          null,
          1,
          1,
          1,
          1,
          1,
          null,
          null,
          1,
          1,
          1,
          1,
          null,
          null,
          1,
          1,
          1,
          1,
          1,
          1,
          null,
          null
        ]
      }
    },
    "timestamp": 1647363340
  }
}
