{
  "RSpec": {
    "coverage": {
      "/Users/ruiined/Documents/Projects/bookmark-manager/app.rb": {
        "lines": [
          null,
          null,
          1,
          1,
          1,
          null,
          null,
          1,
          1,
          null,
          0,
          null,
          null,
          null,
          1,
          3,
          3,
          null,
          null,
          1,
          2,
          null,
          null,
          1,
          1,
          1,
          null,
          null,
          1,
          null
        ]
      },
      "/Users/ruiined/Documents/Projects/bookmark-manager/lib/bookmarks.rb": {
        "lines": [
          null,
          null,
          1,
          1,
          null,
          null,
          1,
          1,
          1,
          5,
          5,
          5,
          null,
          null,
          1,
          3,
          3,
          null,
          null,
          1,
          null,
          1,
          5,
          2,
          null,
          null,
          null,
          1,
          7,
          null,
          null,
          1,
          8,
          null,
          null,
          1,
          8,
          null,
          null,
          null
        ]
      },
      "/Users/ruiined/Documents/Projects/bookmark-manager/lib/bookmark.rb": {
        "lines": [
          1,
          1,
          null,
          1,
          4,
          null,
          null
        ]
      },
      "/Users/ruiined/Documents/Projects/bookmark-manager/spec/database_helper.rb": {
        "lines": [
          null,
          null,
          1,
          null,
          1,
          7,
          null
        ]
      },
      "/Users/ruiined/Documents/Projects/bookmark-manager/spec/bookmark_spec.rb": {
        "lines": [
          1,
          null,
          1,
          3,
          3,
          3,
          null,
          1,
          1,
          null,
          1,
          1,
          null,
          null
        ]
      },
      "/Users/ruiined/Documents/Projects/bookmark-manager/spec/bookmarks_spec.rb": {
        "lines": [
          null,
          null,
          1,
          null,
          1,
          3,
          3,
          3,
          3,
          3,
          null,
          1,
          1,
          1,
          null,
          null,
          1,
          1,
          1,
          1,
          null,
          null,
          null
        ]
      },
      "/Users/ruiined/Documents/Projects/bookmark-manager/spec/features/feature_test_spec.rb": {
        "lines": [
          null,
          null,
          1,
          1,
          1,
          0,
          0,
          null,
          null,
          1,
          1,
          1,
          1,
          null,
          null,
          1,
          1,
          1,
          1,
          1,
          1,
          null,
          null
        ]
      }
    },
    "timestamp": 1647368762
  }
}
